# JRE version: OpenJDK Runtime Environment (8.0_152-b02) (build 1.8.0_152-release-1024-b02)
# Java VM: OpenJDK 64-Bit Server VM (25.152-b02 mixed mode windows-amd64 compressed oops)
Heap:
 PSYoungGen      total 487936K, used 79199K [0x00000000e0000000, 0x00000000ffb80000, 0x0000000100000000)
  eden space 462336K, 14% used [0x00000000e0000000,0x00000000e4090e30,0x00000000fc380000)
  from space 25600K, 51% used [0x00000000fe280000,0x00000000fef47118,0x00000000ffb80000)
  to   space 28672K, 0% used [0x00000000fc380000,0x00000000fc380000,0x00000000fdf80000)
 ParOldGen       total 128000K, used 67729K [0x00000000a0000000, 0x00000000a7d00000, 0x00000000e0000000)
  object space 128000K, 52% used [0x00000000a0000000,0x00000000a4224438,0x00000000a7d00000)
 Metaspace       used 91600K, capacity 95244K, committed 95488K, reserved 1132544K
  class space    used 11964K, capacity 12797K, committed 12800K, reserved 1048576K
GC Heap History (10 events):
Event: 20.953 GC heap before
{Heap before GC invocations=15 (full 3):
 PSYoungGen      total 260608K, used 238080K [0x00000000e0000000, 0x00000000f7780000, 0x0000000100000000)
  eden space 238080K, 100% used [0x00000000e0000000,0x00000000ee880000,0x00000000ee880000)
  from space 22528K, 0% used [0x00000000ee880000,0x00000000ee880000,0x00000000efe80000)
  to   space 22016K, 0% used [0x00000000f6200000,0x00000000f6200000,0x00000000f7780000)
 ParOldGen       total 128000K, used 43772K [0x00000000a0000000, 0x00000000a7d00000, 0x00000000e0000000)
  object space 128000K, 34% used [0x00000000a0000000,0x00000000a2abf260,0x00000000a7d00000)
 Metaspace       used 66873K, capacity 69208K, committed 69376K, reserved 1110016K
  class space    used 8841K, capacity 9425K, committed 9472K, reserved 1048576K
Event: 20.971 GC heap after
Heap after GC invocations=15 (full 3):
 PSYoungGen      total 327680K, used 16289K [0x00000000e0000000, 0x00000000f7200000, 0x0000000100000000)
  eden space 311296K, 0% used [0x00000000e0000000,0x00000000e0000000,0x00000000f3000000)
  from space 16384K, 99% used [0x00000000f6200000,0x00000000f71e86e0,0x00000000f7200000)
  to   space 23040K, 0% used [0x00000000f4500000,0x00000000f4500000,0x00000000f5b80000)
 ParOldGen       total 128000K, used 43799K [0x00000000a0000000, 0x00000000a7d00000, 0x00000000e0000000)
  object space 128000K, 34% used [0x00000000a0000000,0x00000000a2ac5eb0,0x00000000a7d00000)
 Metaspace       used 66873K, capacity 69208K, committed 69376K, reserved 1110016K
  class space    used 8841K, capacity 9425K, committed 9472K, reserved 1048576K
}
Event: 6355.891 GC heap before
{Heap before GC invocations=16 (full 3):
 PSYoungGen      total 327680K, used 327585K [0x00000000e0000000, 0x00000000f7200000, 0x0000000100000000)
  eden space 311296K, 100% used [0x00000000e0000000,0x00000000f3000000,0x00000000f3000000)
  from space 16384K, 99% used [0x00000000f6200000,0x00000000f71e86e0,0x00000000f7200000)
  to   space 23040K, 0% used [0x00000000f4500000,0x00000000f4500000,0x00000000f5b80000)
 ParOldGen       total 128000K, used 43799K [0x00000000a0000000, 0x00000000a7d00000, 0x00000000e0000000)
  object space 128000K, 34% used [0x00000000a0000000,0x00000000a2ac5eb0,0x00000000a7d00000)
 Metaspace       used 70774K, capacity 73350K, committed 73600K, reserved 1114112K
  class space    used 9196K, capacity 9827K, committed 9856K, reserved 1048576K
Event: 6356.027 GC heap after
Heap after GC invocations=16 (full 3):
 PSYoungGen      total 355840K, used 8185K [0x00000000e0000000, 0x00000000fac80000, 0x0000000100000000)
  eden space 332800K, 0% used [0x00000000e0000000,0x00000000e0000000,0x00000000f4500000)
  from space 23040K, 35% used [0x00000000f4500000,0x00000000f4cfe600,0x00000000f5b80000)
  to   space 22528K, 0% used [0x00000000f9680000,0x00000000f9680000,0x00000000fac80000)
 ParOldGen       total 128000K, used 50072K [0x00000000a0000000, 0x00000000a7d00000, 0x00000000e0000000)
  object space 128000K, 39% used [0x00000000a0000000,0x00000000a30e6200,0x00000000a7d00000)
 Metaspace       used 70774K, capacity 73350K, committed 73600K, reserved 1114112K
  class space    used 9196K, capacity 9827K, committed 9856K, reserved 1048576K
}
Event: 6364.055 GC heap before
{Heap before GC invocations=17 (full 3):
 PSYoungGen      total 355840K, used 340985K [0x00000000e0000000, 0x00000000fac80000, 0x0000000100000000)
  eden space 332800K, 100% used [0x00000000e0000000,0x00000000f4500000,0x00000000f4500000)
  from space 23040K, 35% used [0x00000000f4500000,0x00000000f4cfe600,0x00000000f5b80000)
  to   space 22528K, 0% used [0x00000000f9680000,0x00000000f9680000,0x00000000fac80000)
 ParOldGen       total 128000K, used 50072K [0x00000000a0000000, 0x00000000a7d00000, 0x00000000e0000000)
  object space 128000K, 39% used [0x00000000a0000000,0x00000000a30e6200,0x00000000a7d00000)
 Metaspace       used 77564K, capacity 80424K, committed 80640K, reserved 1120256K
  class space    used 10027K, capacity 10721K, committed 10752K, reserved 1048576K
Event: 6364.079 GC heap after
Heap after GC invocations=17 (full 3):
 PSYoungGen      total 415232K, used 17917K [0x00000000e0000000, 0x00000000fbd80000, 0x0000000100000000)
  eden space 392704K, 0% used [0x00000000e0000000,0x00000000e0000000,0x00000000f7f80000)
  from space 22528K, 79% used [0x00000000f9680000,0x00000000fa7ff7a0,0x00000000fac80000)
  to   space 23552K, 0% used [0x00000000f7f80000,0x00000000f7f80000,0x00000000f9680000)
 ParOldGen       total 128000K, used 50080K [0x00000000a0000000, 0x00000000a7d00000, 0x00000000e0000000)
  object space 128000K, 39% used [0x00000000a0000000,0x00000000a30e8200,0x00000000a7d00000)
 Metaspace       used 77564K, capacity 80424K, committed 80640K, reserved 1120256K
  class space    used 10027K, capacity 10721K, committed 10752K, reserved 1048576K
}
Event: 6387.022 GC heap before
{Heap before GC invocations=18 (full 3):
 PSYoungGen      total 415232K, used 410621K [0x00000000e0000000, 0x00000000fbd80000, 0x0000000100000000)
  eden space 392704K, 100% used [0x00000000e0000000,0x00000000f7f80000,0x00000000f7f80000)
  from space 22528K, 79% used [0x00000000f9680000,0x00000000fa7ff7a0,0x00000000fac80000)
  to   space 23552K, 0% used [0x00000000f7f80000,0x00000000f7f80000,0x00000000f9680000)
 ParOldGen       total 128000K, used 50080K [0x00000000a0000000, 0x00000000a7d00000, 0x00000000e0000000)
  object space 128000K, 39% used [0x00000000a0000000,0x00000000a30e8200,0x00000000a7d00000)
 Metaspace       used 90194K, capacity 93844K, committed 94080K, reserved 1130496K
  class space    used 11776K, capacity 12595K, committed 12672K, reserved 1048576K
Event: 6387.078 GC heap after
Heap after GC invocations=18 (full 3):
 PSYoungGen      total 416256K, used 23532K [0x00000000e0000000, 0x0000000100000000, 0x0000000100000000)
  eden space 392704K, 0% used [0x00000000e0000000,0x00000000e0000000,0x00000000f7f80000)
  from space 23552K, 99% used [0x00000000f7f80000,0x00000000f967b208,0x00000000f9680000)
  to   space 30208K, 0% used [0x00000000fe280000,0x00000000fe280000,0x0000000100000000)
 ParOldGen       total 128000K, used 58908K [0x00000000a0000000, 0x00000000a7d00000, 0x00000000e0000000)
  object space 128000K, 46% used [0x00000000a0000000,0x00000000a39873c8,0x00000000a7d00000)
 Metaspace       used 90194K, capacity 93844K, committed 94080K, reserved 1130496K
  class space    used 11776K, capacity 12595K, committed 12672K, reserved 1048576K
}
Event: 6390.808 GC heap before
{Heap before GC invocations=19 (full 3):
 PSYoungGen      total 416256K, used 416236K [0x00000000e0000000, 0x0000000100000000, 0x0000000100000000)
  eden space 392704K, 100% used [0x00000000e0000000,0x00000000f7f80000,0x00000000f7f80000)
  from space 23552K, 99% used [0x00000000f7f80000,0x00000000f967b208,0x00000000f9680000)
  to   space 30208K, 0% used [0x00000000fe280000,0x00000000fe280000,0x0000000100000000)
 ParOldGen       total 128000K, used 58908K [0x00000000a0000000, 0x00000000a7d00000, 0x00000000e0000000)
  object space 128000K, 46% used [0x00000000a0000000,0x00000000a39873c8,0x00000000a7d00000)
 Metaspace       used 91598K, capacity 95244K, committed 95488K, reserved 1132544K
  class space    used 11964K, capacity 12797K, committed 12800K, reserved 1048576K
Event: 6390.835 GC heap after
Heap after GC invocations=19 (full 3):
 PSYoungGen      total 487936K, used 13084K [0x00000000e0000000, 0x00000000ffb80000, 0x0000000100000000)
  eden space 462336K, 0% used [0x00000000e0000000,0x00000000e0000000,0x00000000fc380000)
  from space 25600K, 51% used [0x00000000fe280000,0x00000000fef47118,0x00000000ffb80000)
  to   space 28672K, 0% used [0x00000000fc380000,0x00000000fc380000,0x00000000fdf80000)
 ParOldGen       total 128000K, used 67729K [0x00000000a0000000, 0x00000000a7d00000, 0x00000000e0000000)
  object space 128000K, 52% used [0x00000000a0000000,0x00000000a4224438,0x00000000a7d00000)
 Metaspace       used 91598K, capacity 95244K, committed 95488K, reserved 1132544K
  class space    used 11964K, capacity 12797K, committed 12800K, reserved 1048576K
}

